{"uid":"f9399a444927ba","name":"User Create a profile on the Protractor practice website","fullName":"src/test/java/com/absatest/resources/Features/CreateProfile.feature:4","historyId":"29084c33864d99774ca8133532e72b90","time":{"start":1741089345818,"stop":1741089355257,"duration":9439},"status":"broken","statusMessage":"no such element: Unable to locate element: {\"method\":\"xpath\",\"selector\":\"//td[contains(text(),'John')]\"}\n  (Session info: chrome=133.0.6943.142)\nFor documentation on this error, please visit: https://www.selenium.dev/documentation/webdriver/troubleshooting/errors#no-such-element-exception\nBuild info: version: '4.29.0', revision: '5fc1ec94cb'\nSystem info: os.name: 'Windows 11', os.arch: 'amd64', os.version: '10.0', java.version: '23.0.2'\nDriver info: org.openqa.selenium.chrome.ChromeDriver\nCommand: [b03fdf206ed4618492cc04aa0ef48e66, findElement {using=xpath, value=//td[contains(text(),'John')]}]\nCapabilities {acceptInsecureCerts: false, browserName: chrome, browserVersion: 133.0.6943.142, chrome: {chromedriverVersion: 133.0.6943.141 (2a5d6da0d61..., userDataDir: C:\\Users\\tumel\\AppData\\Loca...}, fedcm:accounts: true, goog:chromeOptions: {debuggerAddress: localhost:64286}, networkConnectionEnabled: false, pageLoadStrategy: normal, platformName: windows, proxy: Proxy(), se:cdp: ws://localhost:64286/devtoo..., se:cdpVersion: 133.0.6943.142, setWindowRect: true, strictFileInteractability: false, timeouts: {implicit: 0, pageLoad: 300000, script: 30000}, unhandledPromptBehavior: dismiss and notify, webauthn:extension:credBlob: true, webauthn:extension:largeBlob: true, webauthn:extension:minPinLength: true, webauthn:extension:prf: true, webauthn:virtualAuthenticators: true}\nSession ID: b03fdf206ed4618492cc04aa0ef48e66","statusTrace":"org.openqa.selenium.NoSuchElementException: no such element: Unable to locate element: {\"method\":\"xpath\",\"selector\":\"//td[contains(text(),'John')]\"}\n  (Session info: chrome=133.0.6943.142)\nFor documentation on this error, please visit: https://www.selenium.dev/documentation/webdriver/troubleshooting/errors#no-such-element-exception\nBuild info: version: '4.29.0', revision: '5fc1ec94cb'\nSystem info: os.name: 'Windows 11', os.arch: 'amd64', os.version: '10.0', java.version: '23.0.2'\nDriver info: org.openqa.selenium.chrome.ChromeDriver\nCommand: [b03fdf206ed4618492cc04aa0ef48e66, findElement {using=xpath, value=//td[contains(text(),'John')]}]\nCapabilities {acceptInsecureCerts: false, browserName: chrome, browserVersion: 133.0.6943.142, chrome: {chromedriverVersion: 133.0.6943.141 (2a5d6da0d61..., userDataDir: C:\\Users\\tumel\\AppData\\Loca...}, fedcm:accounts: true, goog:chromeOptions: {debuggerAddress: localhost:64286}, networkConnectionEnabled: false, pageLoadStrategy: normal, platformName: windows, proxy: Proxy(), se:cdp: ws://localhost:64286/devtoo..., se:cdpVersion: 133.0.6943.142, setWindowRect: true, strictFileInteractability: false, timeouts: {implicit: 0, pageLoad: 300000, script: 30000}, unhandledPromptBehavior: dismiss and notify, webauthn:extension:credBlob: true, webauthn:extension:largeBlob: true, webauthn:extension:minPinLength: true, webauthn:extension:prf: true, webauthn:virtualAuthenticators: true}\nSession ID: b03fdf206ed4618492cc04aa0ef48e66\r\n\tat java.base/jdk.internal.reflect.DirectConstructorHandleAccessor.newInstance(DirectConstructorHandleAccessor.java:62)\r\n\tat java.base/java.lang.reflect.Constructor.newInstanceWithCaller(Constructor.java:501)\r\n\tat java.base/java.lang.reflect.Constructor.newInstance(Constructor.java:485)\r\n\tat org.openqa.selenium.remote.ErrorCodec.decode(ErrorCodec.java:167)\r\n\tat org.openqa.selenium.remote.codec.w3c.W3CHttpResponseCodec.decode(W3CHttpResponseCodec.java:138)\r\n\tat org.openqa.selenium.remote.codec.w3c.W3CHttpResponseCodec.decode(W3CHttpResponseCodec.java:50)\r\n\tat org.openqa.selenium.remote.HttpCommandExecutor.execute(HttpCommandExecutor.java:215)\r\n\tat org.openqa.selenium.remote.service.DriverCommandExecutor.invokeExecute(DriverCommandExecutor.java:216)\r\n\tat org.openqa.selenium.remote.service.DriverCommandExecutor.execute(DriverCommandExecutor.java:174)\r\n\tat org.openqa.selenium.remote.RemoteWebDriver.execute(RemoteWebDriver.java:545)\r\n\tat org.openqa.selenium.remote.ElementLocation$ElementFinder$2.findElement(ElementLocation.java:165)\r\n\tat org.openqa.selenium.remote.ElementLocation.findElement(ElementLocation.java:59)\r\n\tat org.openqa.selenium.remote.RemoteWebDriver.findElement(RemoteWebDriver.java:368)\r\n\tat org.openqa.selenium.remote.RemoteWebDriver.findElement(RemoteWebDriver.java:362)\r\n\tat com.absatest.java.PageObjects.WebTablesPage.isUserAdded(WebTablesPage.java:27)\r\n\tat com.absatest.java.StepDefinition.CreateProfileSteps.validate_the_correct_user_has_been_added(CreateProfileSteps.java:58)\r\n\tat ✽.validate the correct user has been added(file:///C:/Users/tumel/Documents/AbsaTest/demo/src/test/java/com/absatest/resources/Features/CreateProfile.feature:11)\r\n","flaky":false,"newFailed":false,"newBroken":false,"newPassed":false,"retriesCount":0,"retriesStatusChange":false,"beforeStages":[],"testStage":{"status":"broken","statusMessage":"no such element: Unable to locate element: {\"method\":\"xpath\",\"selector\":\"//td[contains(text(),'John')]\"}\n  (Session info: chrome=133.0.6943.142)\nFor documentation on this error, please visit: https://www.selenium.dev/documentation/webdriver/troubleshooting/errors#no-such-element-exception\nBuild info: version: '4.29.0', revision: '5fc1ec94cb'\nSystem info: os.name: 'Windows 11', os.arch: 'amd64', os.version: '10.0', java.version: '23.0.2'\nDriver info: org.openqa.selenium.chrome.ChromeDriver\nCommand: [b03fdf206ed4618492cc04aa0ef48e66, findElement {using=xpath, value=//td[contains(text(),'John')]}]\nCapabilities {acceptInsecureCerts: false, browserName: chrome, browserVersion: 133.0.6943.142, chrome: {chromedriverVersion: 133.0.6943.141 (2a5d6da0d61..., userDataDir: C:\\Users\\tumel\\AppData\\Loca...}, fedcm:accounts: true, goog:chromeOptions: {debuggerAddress: localhost:64286}, networkConnectionEnabled: false, pageLoadStrategy: normal, platformName: windows, proxy: Proxy(), se:cdp: ws://localhost:64286/devtoo..., se:cdpVersion: 133.0.6943.142, setWindowRect: true, strictFileInteractability: false, timeouts: {implicit: 0, pageLoad: 300000, script: 30000}, unhandledPromptBehavior: dismiss and notify, webauthn:extension:credBlob: true, webauthn:extension:largeBlob: true, webauthn:extension:minPinLength: true, webauthn:extension:prf: true, webauthn:virtualAuthenticators: true}\nSession ID: b03fdf206ed4618492cc04aa0ef48e66","statusTrace":"org.openqa.selenium.NoSuchElementException: no such element: Unable to locate element: {\"method\":\"xpath\",\"selector\":\"//td[contains(text(),'John')]\"}\n  (Session info: chrome=133.0.6943.142)\nFor documentation on this error, please visit: https://www.selenium.dev/documentation/webdriver/troubleshooting/errors#no-such-element-exception\nBuild info: version: '4.29.0', revision: '5fc1ec94cb'\nSystem info: os.name: 'Windows 11', os.arch: 'amd64', os.version: '10.0', java.version: '23.0.2'\nDriver info: org.openqa.selenium.chrome.ChromeDriver\nCommand: [b03fdf206ed4618492cc04aa0ef48e66, findElement {using=xpath, value=//td[contains(text(),'John')]}]\nCapabilities {acceptInsecureCerts: false, browserName: chrome, browserVersion: 133.0.6943.142, chrome: {chromedriverVersion: 133.0.6943.141 (2a5d6da0d61..., userDataDir: C:\\Users\\tumel\\AppData\\Loca...}, fedcm:accounts: true, goog:chromeOptions: {debuggerAddress: localhost:64286}, networkConnectionEnabled: false, pageLoadStrategy: normal, platformName: windows, proxy: Proxy(), se:cdp: ws://localhost:64286/devtoo..., se:cdpVersion: 133.0.6943.142, setWindowRect: true, strictFileInteractability: false, timeouts: {implicit: 0, pageLoad: 300000, script: 30000}, unhandledPromptBehavior: dismiss and notify, webauthn:extension:credBlob: true, webauthn:extension:largeBlob: true, webauthn:extension:minPinLength: true, webauthn:extension:prf: true, webauthn:virtualAuthenticators: true}\nSession ID: b03fdf206ed4618492cc04aa0ef48e66\r\n\tat java.base/jdk.internal.reflect.DirectConstructorHandleAccessor.newInstance(DirectConstructorHandleAccessor.java:62)\r\n\tat java.base/java.lang.reflect.Constructor.newInstanceWithCaller(Constructor.java:501)\r\n\tat java.base/java.lang.reflect.Constructor.newInstance(Constructor.java:485)\r\n\tat org.openqa.selenium.remote.ErrorCodec.decode(ErrorCodec.java:167)\r\n\tat org.openqa.selenium.remote.codec.w3c.W3CHttpResponseCodec.decode(W3CHttpResponseCodec.java:138)\r\n\tat org.openqa.selenium.remote.codec.w3c.W3CHttpResponseCodec.decode(W3CHttpResponseCodec.java:50)\r\n\tat org.openqa.selenium.remote.HttpCommandExecutor.execute(HttpCommandExecutor.java:215)\r\n\tat org.openqa.selenium.remote.service.DriverCommandExecutor.invokeExecute(DriverCommandExecutor.java:216)\r\n\tat org.openqa.selenium.remote.service.DriverCommandExecutor.execute(DriverCommandExecutor.java:174)\r\n\tat org.openqa.selenium.remote.RemoteWebDriver.execute(RemoteWebDriver.java:545)\r\n\tat org.openqa.selenium.remote.ElementLocation$ElementFinder$2.findElement(ElementLocation.java:165)\r\n\tat org.openqa.selenium.remote.ElementLocation.findElement(ElementLocation.java:59)\r\n\tat org.openqa.selenium.remote.RemoteWebDriver.findElement(RemoteWebDriver.java:368)\r\n\tat org.openqa.selenium.remote.RemoteWebDriver.findElement(RemoteWebDriver.java:362)\r\n\tat com.absatest.java.PageObjects.WebTablesPage.isUserAdded(WebTablesPage.java:27)\r\n\tat com.absatest.java.StepDefinition.CreateProfileSteps.validate_the_correct_user_has_been_added(CreateProfileSteps.java:58)\r\n\tat ✽.validate the correct user has been added(file:///C:/Users/tumel/Documents/AbsaTest/demo/src/test/java/com/absatest/resources/Features/CreateProfile.feature:11)\r\n","steps":[{"name":"Given User Launch Chrome Browser","time":{"start":1741089345830,"stop":1741089350695,"duration":4865},"status":"passed","steps":[],"attachments":[],"parameters":[],"shouldDisplayMessage":false,"attachmentsCount":0,"stepsCount":0,"attachmentStep":false,"hasContent":false},{"name":"When User opens URL \"http://www.way2automation.com/angularjs-protractor/webtables/\"","time":{"start":1741089350708,"stop":1741089354319,"duration":3611},"status":"passed","steps":[],"attachments":[{"uid":"f4d6e06fe0c3a7d4","name":"Landing Page","source":"f4d6e06fe0c3a7d4.png","type":"image/png","size":61341}],"parameters":[],"shouldDisplayMessage":false,"attachmentsCount":1,"stepsCount":0,"attachmentStep":false,"hasContent":true},{"name":"And The page title should be \"Protractor practice website - WebTables\"","time":{"start":1741089354320,"stop":1741089354394,"duration":74},"status":"passed","steps":[],"attachments":[],"parameters":[],"shouldDisplayMessage":false,"attachmentsCount":0,"stepsCount":0,"attachmentStep":false,"hasContent":false},{"name":"Then User clicks on the Add user button","time":{"start":1741089354394,"stop":1741089354626,"duration":232},"status":"passed","steps":[],"attachments":[],"parameters":[],"shouldDisplayMessage":false,"attachmentsCount":0,"stepsCount":0,"attachmentStep":false,"hasContent":false},{"name":"And User enters \"John\" as First Name","time":{"start":1741089354626,"stop":1741089354819,"duration":193},"status":"passed","steps":[],"attachments":[],"parameters":[],"shouldDisplayMessage":false,"attachmentsCount":0,"stepsCount":0,"attachmentStep":false,"hasContent":false},{"name":"And click the save button","time":{"start":1741089354819,"stop":1741089354971,"duration":152},"status":"passed","steps":[],"attachments":[],"parameters":[],"shouldDisplayMessage":false,"attachmentsCount":0,"stepsCount":0,"attachmentStep":false,"hasContent":false},{"name":"And validate the correct user has been added","time":{"start":1741089354972,"stop":1741089355165,"duration":193},"status":"broken","statusMessage":"no such element: Unable to locate element: {\"method\":\"xpath\",\"selector\":\"//td[contains(text(),'John')]\"}\n  (Session info: chrome=133.0.6943.142)\nFor documentation on this error, please visit: https://www.selenium.dev/documentation/webdriver/troubleshooting/errors#no-such-element-exception\nBuild info: version: '4.29.0', revision: '5fc1ec94cb'\nSystem info: os.name: 'Windows 11', os.arch: 'amd64', os.version: '10.0', java.version: '23.0.2'\nDriver info: org.openqa.selenium.chrome.ChromeDriver\nCommand: [b03fdf206ed4618492cc04aa0ef48e66, findElement {using=xpath, value=//td[contains(text(),'John')]}]\nCapabilities {acceptInsecureCerts: false, browserName: chrome, browserVersion: 133.0.6943.142, chrome: {chromedriverVersion: 133.0.6943.141 (2a5d6da0d61..., userDataDir: C:\\Users\\tumel\\AppData\\Loca...}, fedcm:accounts: true, goog:chromeOptions: {debuggerAddress: localhost:64286}, networkConnectionEnabled: false, pageLoadStrategy: normal, platformName: windows, proxy: Proxy(), se:cdp: ws://localhost:64286/devtoo..., se:cdpVersion: 133.0.6943.142, setWindowRect: true, strictFileInteractability: false, timeouts: {implicit: 0, pageLoad: 300000, script: 30000}, unhandledPromptBehavior: dismiss and notify, webauthn:extension:credBlob: true, webauthn:extension:largeBlob: true, webauthn:extension:minPinLength: true, webauthn:extension:prf: true, webauthn:virtualAuthenticators: true}\nSession ID: b03fdf206ed4618492cc04aa0ef48e66","statusTrace":"org.openqa.selenium.NoSuchElementException: no such element: Unable to locate element: {\"method\":\"xpath\",\"selector\":\"//td[contains(text(),'John')]\"}\n  (Session info: chrome=133.0.6943.142)\nFor documentation on this error, please visit: https://www.selenium.dev/documentation/webdriver/troubleshooting/errors#no-such-element-exception\nBuild info: version: '4.29.0', revision: '5fc1ec94cb'\nSystem info: os.name: 'Windows 11', os.arch: 'amd64', os.version: '10.0', java.version: '23.0.2'\nDriver info: org.openqa.selenium.chrome.ChromeDriver\nCommand: [b03fdf206ed4618492cc04aa0ef48e66, findElement {using=xpath, value=//td[contains(text(),'John')]}]\nCapabilities {acceptInsecureCerts: false, browserName: chrome, browserVersion: 133.0.6943.142, chrome: {chromedriverVersion: 133.0.6943.141 (2a5d6da0d61..., userDataDir: C:\\Users\\tumel\\AppData\\Loca...}, fedcm:accounts: true, goog:chromeOptions: {debuggerAddress: localhost:64286}, networkConnectionEnabled: false, pageLoadStrategy: normal, platformName: windows, proxy: Proxy(), se:cdp: ws://localhost:64286/devtoo..., se:cdpVersion: 133.0.6943.142, setWindowRect: true, strictFileInteractability: false, timeouts: {implicit: 0, pageLoad: 300000, script: 30000}, unhandledPromptBehavior: dismiss and notify, webauthn:extension:credBlob: true, webauthn:extension:largeBlob: true, webauthn:extension:minPinLength: true, webauthn:extension:prf: true, webauthn:virtualAuthenticators: true}\nSession ID: b03fdf206ed4618492cc04aa0ef48e66\r\n\tat java.base/jdk.internal.reflect.DirectConstructorHandleAccessor.newInstance(DirectConstructorHandleAccessor.java:62)\r\n\tat java.base/java.lang.reflect.Constructor.newInstanceWithCaller(Constructor.java:501)\r\n\tat java.base/java.lang.reflect.Constructor.newInstance(Constructor.java:485)\r\n\tat org.openqa.selenium.remote.ErrorCodec.decode(ErrorCodec.java:167)\r\n\tat org.openqa.selenium.remote.codec.w3c.W3CHttpResponseCodec.decode(W3CHttpResponseCodec.java:138)\r\n\tat org.openqa.selenium.remote.codec.w3c.W3CHttpResponseCodec.decode(W3CHttpResponseCodec.java:50)\r\n\tat org.openqa.selenium.remote.HttpCommandExecutor.execute(HttpCommandExecutor.java:215)\r\n\tat org.openqa.selenium.remote.service.DriverCommandExecutor.invokeExecute(DriverCommandExecutor.java:216)\r\n\tat org.openqa.selenium.remote.service.DriverCommandExecutor.execute(DriverCommandExecutor.java:174)\r\n\tat org.openqa.selenium.remote.RemoteWebDriver.execute(RemoteWebDriver.java:545)\r\n\tat org.openqa.selenium.remote.ElementLocation$ElementFinder$2.findElement(ElementLocation.java:165)\r\n\tat org.openqa.selenium.remote.ElementLocation.findElement(ElementLocation.java:59)\r\n\tat org.openqa.selenium.remote.RemoteWebDriver.findElement(RemoteWebDriver.java:368)\r\n\tat org.openqa.selenium.remote.RemoteWebDriver.findElement(RemoteWebDriver.java:362)\r\n\tat com.absatest.java.PageObjects.WebTablesPage.isUserAdded(WebTablesPage.java:27)\r\n\tat com.absatest.java.StepDefinition.CreateProfileSteps.validate_the_correct_user_has_been_added(CreateProfileSteps.java:58)\r\n\tat ✽.validate the correct user has been added(file:///C:/Users/tumel/Documents/AbsaTest/demo/src/test/java/com/absatest/resources/Features/CreateProfile.feature:11)\r\n","steps":[],"attachments":[],"parameters":[],"shouldDisplayMessage":true,"attachmentsCount":0,"stepsCount":0,"attachmentStep":false,"hasContent":true},{"name":"And close Browser","time":{"start":1741089355180,"stop":1741089355186,"duration":6},"status":"skipped","steps":[],"attachments":[],"parameters":[],"shouldDisplayMessage":false,"attachmentsCount":0,"stepsCount":0,"attachmentStep":false,"hasContent":false}],"attachments":[],"parameters":[],"shouldDisplayMessage":false,"attachmentsCount":1,"stepsCount":8,"attachmentStep":false,"hasContent":true},"afterStages":[],"labels":[{"name":"tag","value":"CreateProfile"},{"name":"host","value":"Rockerfeller"},{"name":"thread","value":"27996@Rockerfeller.main(1)"},{"name":"feature","value":"CreateProfile"},{"name":"story","value":"User Create a profile on the Protractor practice website"},{"name":"suite","value":"CreateProfile"},{"name":"testClass","value":"User Create a profile on the Protractor practice website"},{"name":"framework","value":"cucumber4jvm"},{"name":"language","value":"java"},{"name":"gherkin_uri","value":"file:///C:/Users/tumel/Documents/AbsaTest/demo/src/test/java/com/absatest/resources/Features/CreateProfile.feature"},{"name":"package","value":"src.test.java.com.absatest.resources.Features.CreateProfile_feature.CreateProfile"},{"name":"resultFormat","value":"allure2"}],"parameters":[],"links":[],"hidden":true,"retry":true,"extra":{"categories":[],"tags":["CreateProfile"]},"source":"f9399a444927ba.json","parameterValues":[]}